  [1m[35m (1095.1ms)[0m  [1m[35mCREATE DATABASE "DevcampPortfolio_development" ENCODING = 'unicode'[0m
  [1m[35m (702.7ms)[0m  [1m[35mCREATE DATABASE "DevcampPortfolio_test" ENCODING = 'unicode'[0m
  [1m[35m (23.6ms)[0m  [1m[35mCREATE TABLE "schema_migrations" ("version" character varying NOT NULL PRIMARY KEY)[0m
  [1m[35m (5.3ms)[0m  [1m[35mCREATE TABLE "ar_internal_metadata" ("key" character varying NOT NULL PRIMARY KEY, "value" character varying, "created_at" timestamp(6) NOT NULL, "updated_at" timestamp(6) NOT NULL)[0m
  [1m[35m (0.1ms)[0m  [1m[34mSELECT pg_try_advisory_lock(5396089536776303610)[0m
  [1m[35m (2.1ms)[0m  [1m[34mSELECT "schema_migrations"."version" FROM "schema_migrations" ORDER BY "schema_migrations"."version" ASC[0m
Migrating to CreateBlogs (20210802015623)
  [1m[36mTRANSACTION (0.1ms)[0m  [1m[35mBEGIN[0m
  [1m[35m (9.0ms)[0m  [1m[35mCREATE TABLE "blogs" ("id" bigserial primary key, "title" character varying, "body" text, "created_at" timestamp(6) NOT NULL, "updated_at" timestamp(6) NOT NULL)[0m
  [1m[36mActiveRecord::SchemaMigration Create (0.3ms)[0m  [1m[32mINSERT INTO "schema_migrations" ("version") VALUES ($1) RETURNING "version"[0m  [["version", "20210802015623"]]
  [1m[36mTRANSACTION (0.3ms)[0m  [1m[35mCOMMIT[0m
Migrating to CreateSkills (20210806003436)
  [1m[36mTRANSACTION (0.2ms)[0m  [1m[35mBEGIN[0m
  [1m[35m (8.8ms)[0m  [1m[35mCREATE TABLE "skills" ("id" bigserial primary key, "title" character varying, "percent_utilized" integer, "created_at" timestamp(6) NOT NULL, "updated_at" timestamp(6) NOT NULL)[0m
  [1m[36mActiveRecord::SchemaMigration Create (0.2ms)[0m  [1m[32mINSERT INTO "schema_migrations" ("version") VALUES ($1) RETURNING "version"[0m  [["version", "20210806003436"]]
  [1m[36mTRANSACTION (0.2ms)[0m  [1m[35mCOMMIT[0m
Migrating to CreatePortfolios (20210806004515)
  [1m[36mTRANSACTION (0.3ms)[0m  [1m[35mBEGIN[0m
  [1m[35m (8.4ms)[0m  [1m[35mCREATE TABLE "portfolios" ("id" bigserial primary key, "title" character varying, "subtitle" character varying, "body" text, "main_image" text, "thumb_image" text, "created_at" timestamp(6) NOT NULL, "updated_at" timestamp(6) NOT NULL)[0m
  [1m[36mActiveRecord::SchemaMigration Create (0.3ms)[0m  [1m[32mINSERT INTO "schema_migrations" ("version") VALUES ($1) RETURNING "version"[0m  [["version", "20210806004515"]]
  [1m[36mTRANSACTION (0.9ms)[0m  [1m[35mCOMMIT[0m
Migrating to CreateFriendlyIdSlugs (20210807032006)
  [1m[36mTRANSACTION (0.3ms)[0m  [1m[35mBEGIN[0m
  [1m[35m (8.4ms)[0m  [1m[35mCREATE TABLE "friendly_id_slugs" ("id" bigserial primary key, "slug" character varying NOT NULL, "sluggable_id" integer NOT NULL, "sluggable_type" character varying(50), "scope" character varying, "created_at" timestamp)[0m
  [1m[35m (2.3ms)[0m  [1m[35mCREATE INDEX "index_friendly_id_slugs_on_sluggable_type_and_sluggable_id" ON "friendly_id_slugs" ("sluggable_type", "sluggable_id")[0m
  [1m[35m (2.1ms)[0m  [1m[35mCREATE INDEX "index_friendly_id_slugs_on_slug_and_sluggable_type" ON "friendly_id_slugs" ("slug", "sluggable_type")[0m
  [1m[35m (2.2ms)[0m  [1m[35mCREATE UNIQUE INDEX "index_friendly_id_slugs_on_slug_and_sluggable_type_and_scope" ON "friendly_id_slugs" ("slug", "sluggable_type", "scope")[0m
  [1m[36mActiveRecord::SchemaMigration Create (0.2ms)[0m  [1m[32mINSERT INTO "schema_migrations" ("version") VALUES ($1) RETURNING "version"[0m  [["version", "20210807032006"]]
  [1m[36mTRANSACTION (0.3ms)[0m  [1m[35mCOMMIT[0m
Migrating to AddSlugToBlogs (20210807043730)
  [1m[36mTRANSACTION (0.2ms)[0m  [1m[35mBEGIN[0m
  [1m[35m (0.2ms)[0m  [1m[35mALTER TABLE "blogs" ADD "slug" character varying[0m
  [1m[35m (3.0ms)[0m  [1m[35mCREATE UNIQUE INDEX "index_blogs_on_slug" ON "blogs" ("slug")[0m
  [1m[36mActiveRecord::SchemaMigration Create (0.1ms)[0m  [1m[32mINSERT INTO "schema_migrations" ("version") VALUES ($1) RETURNING "version"[0m  [["version", "20210807043730"]]
  [1m[36mTRANSACTION (0.2ms)[0m  [1m[35mCOMMIT[0m
Migrating to AddPostStatusToBlogs (20210807175209)
  [1m[36mTRANSACTION (0.1ms)[0m  [1m[35mBEGIN[0m
  [1m[35m (0.3ms)[0m  [1m[35mALTER TABLE "blogs" ADD "status" integer DEFAULT 0[0m
  [1m[36mActiveRecord::SchemaMigration Create (0.1ms)[0m  [1m[32mINSERT INTO "schema_migrations" ("version") VALUES ($1) RETURNING "version"[0m  [["version", "20210807175209"]]
  [1m[36mTRANSACTION (0.2ms)[0m  [1m[35mCOMMIT[0m
Migrating to CreateTopics (20210807230631)
  [1m[36mTRANSACTION (0.1ms)[0m  [1m[35mBEGIN[0m
  [1m[35m (7.8ms)[0m  [1m[35mCREATE TABLE "topics" ("id" bigserial primary key, "title" character varying, "created_at" timestamp(6) NOT NULL, "updated_at" timestamp(6) NOT NULL)[0m
  [1m[36mActiveRecord::SchemaMigration Create (0.2ms)[0m  [1m[32mINSERT INTO "schema_migrations" ("version") VALUES ($1) RETURNING "version"[0m  [["version", "20210807230631"]]
  [1m[36mTRANSACTION (0.3ms)[0m  [1m[35mCOMMIT[0m
Migrating to AddTopicReferenceToBlogs (20210807231142)
  [1m[36mTRANSACTION (0.3ms)[0m  [1m[35mBEGIN[0m
  [1m[35m (0.2ms)[0m  [1m[35mALTER TABLE "blogs" ADD "topic_id" bigint[0m
  [1m[35m (3.2ms)[0m  [1m[35mCREATE INDEX "index_blogs_on_topic_id" ON "blogs" ("topic_id")[0m
  [1m[35m (10.6ms)[0m  [1m[35mALTER TABLE "blogs" ADD CONSTRAINT "fk_rails_7f5637ea0d"
FOREIGN KEY ("topic_id")
  REFERENCES "topics" ("id")
[0m
  [1m[36mActiveRecord::SchemaMigration Create (0.2ms)[0m  [1m[32mINSERT INTO "schema_migrations" ("version") VALUES ($1) RETURNING "version"[0m  [["version", "20210807231142"]]
  [1m[36mTRANSACTION (0.2ms)[0m  [1m[35mCOMMIT[0m
Migrating to AddBadgeToSkills (20210808003614)
  [1m[36mTRANSACTION (0.2ms)[0m  [1m[35mBEGIN[0m
  [1m[35m (0.2ms)[0m  [1m[35mALTER TABLE "skills" ADD "badge" text[0m
  [1m[36mActiveRecord::SchemaMigration Create (0.1ms)[0m  [1m[32mINSERT INTO "schema_migrations" ("version") VALUES ($1) RETURNING "version"[0m  [["version", "20210808003614"]]
  [1m[36mTRANSACTION (0.9ms)[0m  [1m[35mCOMMIT[0m
Migrating to CreateTechnologies (20210808010254)
  [1m[36mTRANSACTION (0.1ms)[0m  [1m[35mBEGIN[0m
  [1m[35m (8.6ms)[0m  [1m[35mCREATE TABLE "technologies" ("id" bigserial primary key, "name" character varying, "portfolio_id" bigint, "created_at" timestamp(6) NOT NULL, "updated_at" timestamp(6) NOT NULL, CONSTRAINT "fk_rails_cc5ab4a1c3"
FOREIGN KEY ("portfolio_id")
  REFERENCES "portfolios" ("id")
)[0m
  [1m[35m (2.1ms)[0m  [1m[35mCREATE INDEX "index_technologies_on_portfolio_id" ON "technologies" ("portfolio_id")[0m
  [1m[36mActiveRecord::SchemaMigration Create (0.2ms)[0m  [1m[32mINSERT INTO "schema_migrations" ("version") VALUES ($1) RETURNING "version"[0m  [["version", "20210808010254"]]
  [1m[36mTRANSACTION (0.3ms)[0m  [1m[35mCOMMIT[0m
Migrating to DeviseCreateUsers (20210808033109)
  [1m[36mTRANSACTION (0.8ms)[0m  [1m[35mBEGIN[0m
  [1m[35m (7.2ms)[0m  [1m[35mCREATE TABLE "users" ("id" bigserial primary key, "email" character varying DEFAULT '' NOT NULL, "encrypted_password" character varying DEFAULT '' NOT NULL, "name" character varying, "reset_password_token" character varying, "reset_password_sent_at" timestamp, "remember_created_at" timestamp, "created_at" timestamp(6) NOT NULL, "updated_at" timestamp(6) NOT NULL)[0m
  [1m[35m (2.0ms)[0m  [1m[35mCREATE UNIQUE INDEX "index_users_on_email" ON "users" ("email")[0m
  [1m[35m (2.0ms)[0m  [1m[35mCREATE UNIQUE INDEX "index_users_on_reset_password_token" ON "users" ("reset_password_token")[0m
  [1m[36mActiveRecord::SchemaMigration Create (0.2ms)[0m  [1m[32mINSERT INTO "schema_migrations" ("version") VALUES ($1) RETURNING "version"[0m  [["version", "20210808033109"]]
  [1m[36mTRANSACTION (0.3ms)[0m  [1m[35mCOMMIT[0m
Migrating to AddRolesToUsers (20210818031430)
  [1m[36mTRANSACTION (0.2ms)[0m  [1m[35mBEGIN[0m
  [1m[35m (0.2ms)[0m  [1m[35mALTER TABLE "users" ADD "roles" character varying[0m
  [1m[36mActiveRecord::SchemaMigration Create (0.1ms)[0m  [1m[32mINSERT INTO "schema_migrations" ("version") VALUES ($1) RETURNING "version"[0m  [["version", "20210818031430"]]
  [1m[36mTRANSACTION (0.2ms)[0m  [1m[35mCOMMIT[0m
  [1m[36mActiveRecord::InternalMetadata Load (2.2ms)[0m  [1m[34mSELECT "ar_internal_metadata".* FROM "ar_internal_metadata" WHERE "ar_internal_metadata"."key" = $1 LIMIT $2[0m  [["key", "environment"], ["LIMIT", 1]]
  [1m[36mTRANSACTION (0.1ms)[0m  [1m[35mBEGIN[0m
  [1m[36mActiveRecord::InternalMetadata Create (0.4ms)[0m  [1m[32mINSERT INTO "ar_internal_metadata" ("key", "value", "created_at", "updated_at") VALUES ($1, $2, $3, $4) RETURNING "key"[0m  [["key", "environment"], ["value", "development"], ["created_at", "2022-01-02 17:58:09.548747"], ["updated_at", "2022-01-02 17:58:09.548747"]]
  [1m[36mTRANSACTION (3.1ms)[0m  [1m[35mCOMMIT[0m
  [1m[35m (0.2ms)[0m  [1m[34mSELECT pg_advisory_unlock(5396089536776303610)[0m
  [1m[35m (2.5ms)[0m  [1m[34mSELECT "schema_migrations"."version" FROM "schema_migrations" ORDER BY "schema_migrations"."version" ASC[0m
  [1m[35m (2.2ms)[0m  [1m[34mSELECT "schema_migrations"."version" FROM "schema_migrations" ORDER BY "schema_migrations"."version" ASC[0m
  [1m[36mTRANSACTION (0.1ms)[0m  [1m[35mBEGIN[0m
  [1m[36mTopic Create (2.7ms)[0m  [1m[32mINSERT INTO "topics" ("title", "created_at", "updated_at") VALUES ($1, $2, $3) RETURNING "id"[0m  [["title", "Topic 0"], ["created_at", "2022-01-02 17:58:17.512932"], ["updated_at", "2022-01-02 17:58:17.512932"]]
  [1m[36mTRANSACTION (1.1ms)[0m  [1m[35mCOMMIT[0m
  [1m[36mTRANSACTION (0.1ms)[0m  [1m[35mBEGIN[0m
  [1m[36mTopic Create (0.2ms)[0m  [1m[32mINSERT INTO "topics" ("title", "created_at", "updated_at") VALUES ($1, $2, $3) RETURNING "id"[0m  [["title", "Topic 1"], ["created_at", "2022-01-02 17:58:17.520586"], ["updated_at", "2022-01-02 17:58:17.520586"]]
  [1m[36mTRANSACTION (0.3ms)[0m  [1m[35mCOMMIT[0m
  [1m[36mTRANSACTION (0.1ms)[0m  [1m[35mBEGIN[0m
  [1m[36mTopic Create (0.2ms)[0m  [1m[32mINSERT INTO "topics" ("title", "created_at", "updated_at") VALUES ($1, $2, $3) RETURNING "id"[0m  [["title", "Topic 2"], ["created_at", "2022-01-02 17:58:17.523457"], ["updated_at", "2022-01-02 17:58:17.523457"]]
  [1m[36mTRANSACTION (0.3ms)[0m  [1m[35mCOMMIT[0m
  [1m[36mTopic Load (0.2ms)[0m  [1m[34mSELECT "topics".* FROM "topics" ORDER BY "topics"."id" DESC LIMIT $1[0m  [["LIMIT", 1]]
  [1m[36mTRANSACTION (0.1ms)[0m  [1m[35mBEGIN[0m
  [1m[36mBlog Exists? (2.7ms)[0m  [1m[34mSELECT 1 AS one FROM "blogs" WHERE "blogs"."id" IS NOT NULL AND "blogs"."slug" = $1 LIMIT $2[0m  [["slug", "my-blog-post-0"], ["LIMIT", 1]]
  [1m[36mBlog Create (0.7ms)[0m  [1m[32mINSERT INTO "blogs" ("title", "body", "created_at", "updated_at", "slug", "topic_id") VALUES ($1, $2, $3, $4, $5, $6) RETURNING "id"[0m  [["title", "My Blog Post 0"], ["body", "Sed ut perspiciatis unde omnis iste natus error sit voluptatem accusantium doloremque laudantium, totam rem aperiam, eaque ipsa quae ab illo inventore veritatis et quasi architecto beatae vitae dicta sunt explicabo. Nemo enim ipsam voluptatem quia voluptas sit aspernatur aut odit aut fugit, sed quia consequuntur magni dolores eos qui ratione voluptatem sequi nesciunt. Neque porro quisquam est, qui dolorem ipsum quia dolor sit amet, consectetur, adipisci velit, sed quia non numquam eius modi tempora incidunt ut labore et dolore magnam aliquam quaerat voluptatem. Ut enim ad minima veniam, quis nostrum exercitationem ullam corporis suscipit laboriosam, nisi ut aliquid ex ea commodi consequatur? Quis autem vel eum iure reprehenderit qui in ea voluptate velit esse quam nihil molestiae consequatur, vel illum qui dolorem eum fugiat quo voluptas nulla pariatur?"], ["created_at", "2022-01-02 17:58:17.657651"], ["updated_at", "2022-01-02 17:58:17.657651"], ["slug", "my-blog-post-0"], ["topic_id", 3]]
  [1m[36mTRANSACTION (0.2ms)[0m  [1m[35mCOMMIT[0m
  [1m[36mTopic Load (0.1ms)[0m  [1m[34mSELECT "topics".* FROM "topics" ORDER BY "topics"."id" DESC LIMIT $1[0m  [["LIMIT", 1]]
  [1m[36mTRANSACTION (0.1ms)[0m  [1m[35mBEGIN[0m
  [1m[36mBlog Exists? (0.2ms)[0m  [1m[34mSELECT 1 AS one FROM "blogs" WHERE "blogs"."id" IS NOT NULL AND "blogs"."slug" = $1 LIMIT $2[0m  [["slug", "my-blog-post-1"], ["LIMIT", 1]]
  [1m[36mBlog Create (0.2ms)[0m  [1m[32mINSERT INTO "blogs" ("title", "body", "created_at", "updated_at", "slug", "topic_id") VALUES ($1, $2, $3, $4, $5, $6) RETURNING "id"[0m  [["title", "My Blog Post 1"], ["body", "Sed ut perspiciatis unde omnis iste natus error sit voluptatem accusantium doloremque laudantium, totam rem aperiam, eaque ipsa quae ab illo inventore veritatis et quasi architecto beatae vitae dicta sunt explicabo. Nemo enim ipsam voluptatem quia voluptas sit aspernatur aut odit aut fugit, sed quia consequuntur magni dolores eos qui ratione voluptatem sequi nesciunt. Neque porro quisquam est, qui dolorem ipsum quia dolor sit amet, consectetur, adipisci velit, sed quia non numquam eius modi tempora incidunt ut labore et dolore magnam aliquam quaerat voluptatem. Ut enim ad minima veniam, quis nostrum exercitationem ullam corporis suscipit laboriosam, nisi ut aliquid ex ea commodi consequatur? Quis autem vel eum iure reprehenderit qui in ea voluptate velit esse quam nihil molestiae consequatur, vel illum qui dolorem eum fugiat quo voluptas nulla pariatur?"], ["created_at", "2022-01-02 17:58:17.663705"], ["updated_at", "2022-01-02 17:58:17.663705"], ["slug", "my-blog-post-1"], ["topic_id", 3]]
  [1m[36mTRANSACTION (0.3ms)[0m  [1m[35mCOMMIT[0m
  [1m[36mTopic Load (0.1ms)[0m  [1m[34mSELECT "topics".* FROM "topics" ORDER BY "topics"."id" DESC LIMIT $1[0m  [["LIMIT", 1]]
  [1m[36mTRANSACTION (0.1ms)[0m  [1m[35mBEGIN[0m
  [1m[36mBlog Exists? (0.2ms)[0m  [1m[34mSELECT 1 AS one FROM "blogs" WHERE "blogs"."id" IS NOT NULL AND "blogs"."slug" = $1 LIMIT $2[0m  [["slug", "my-blog-post-2"], ["LIMIT", 1]]
  [1m[36mBlog Create (0.2ms)[0m  [1m[32mINSERT INTO "blogs" ("title", "body", "created_at", "updated_at", "slug", "topic_id") VALUES ($1, $2, $3, $4, $5, $6) RETURNING "id"[0m  [["title", "My Blog Post 2"], ["body", "Sed ut perspiciatis unde omnis iste natus error sit voluptatem accusantium doloremque laudantium, totam rem aperiam, eaque ipsa quae ab illo inventore veritatis et quasi architecto beatae vitae dicta sunt explicabo. Nemo enim ipsam voluptatem quia voluptas sit aspernatur aut odit aut fugit, sed quia consequuntur magni dolores eos qui ratione voluptatem sequi nesciunt. Neque porro quisquam est, qui dolorem ipsum quia dolor sit amet, consectetur, adipisci velit, sed quia non numquam eius modi tempora incidunt ut labore et dolore magnam aliquam quaerat voluptatem. Ut enim ad minima veniam, quis nostrum exercitationem ullam corporis suscipit laboriosam, nisi ut aliquid ex ea commodi consequatur? Quis autem vel eum iure reprehenderit qui in ea voluptate velit esse quam nihil molestiae consequatur, vel illum qui dolorem eum fugiat quo voluptas nulla pariatur?"], ["created_at", "2022-01-02 17:58:17.668716"], ["updated_at", "2022-01-02 17:58:17.668716"], ["slug", "my-blog-post-2"], ["topic_id", 3]]
  [1m[36mTRANSACTION (0.3ms)[0m  [1m[35mCOMMIT[0m
  [1m[36mTopic Load (0.1ms)[0m  [1m[34mSELECT "topics".* FROM "topics" ORDER BY "topics"."id" DESC LIMIT $1[0m  [["LIMIT", 1]]
  [1m[36mTRANSACTION (0.1ms)[0m  [1m[35mBEGIN[0m
  [1m[36mBlog Exists? (0.2ms)[0m  [1m[34mSELECT 1 AS one FROM "blogs" WHERE "blogs"."id" IS NOT NULL AND "blogs"."slug" = $1 LIMIT $2[0m  [["slug", "my-blog-post-3"], ["LIMIT", 1]]
  [1m[36mBlog Create (0.2ms)[0m  [1m[32mINSERT INTO "blogs" ("title", "body", "created_at", "updated_at", "slug", "topic_id") VALUES ($1, $2, $3, $4, $5, $6) RETURNING "id"[0m  [["title", "My Blog Post 3"], ["body", "Sed ut perspiciatis unde omnis iste natus error sit voluptatem accusantium doloremque laudantium, totam rem aperiam, eaque ipsa quae ab illo inventore veritatis et quasi architecto beatae vitae dicta sunt explicabo. Nemo enim ipsam voluptatem quia voluptas sit aspernatur aut odit aut fugit, sed quia consequuntur magni dolores eos qui ratione voluptatem sequi nesciunt. Neque porro quisquam est, qui dolorem ipsum quia dolor sit amet, consectetur, adipisci velit, sed quia non numquam eius modi tempora incidunt ut labore et dolore magnam aliquam quaerat voluptatem. Ut enim ad minima veniam, quis nostrum exercitationem ullam corporis suscipit laboriosam, nisi ut aliquid ex ea commodi consequatur? Quis autem vel eum iure reprehenderit qui in ea voluptate velit esse quam nihil molestiae consequatur, vel illum qui dolorem eum fugiat quo voluptas nulla pariatur?"], ["created_at", "2022-01-02 17:58:17.673754"], ["updated_at", "2022-01-02 17:58:17.673754"], ["slug", "my-blog-post-3"], ["topic_id", 3]]
  [1m[36mTRANSACTION (0.3ms)[0m  [1m[35mCOMMIT[0m
  [1m[36mTopic Load (0.1ms)[0m  [1m[34mSELECT "topics".* FROM "topics" ORDER BY "topics"."id" DESC LIMIT $1[0m  [["LIMIT", 1]]
  [1m[36mTRANSACTION (0.1ms)[0m  [1m[35mBEGIN[0m
  [1m[36mBlog Exists? (0.2ms)[0m  [1m[34mSELECT 1 AS one FROM "blogs" WHERE "blogs"."id" IS NOT NULL AND "blogs"."slug" = $1 LIMIT $2[0m  [["slug", "my-blog-post-4"], ["LIMIT", 1]]
  [1m[36mBlog Create (0.2ms)[0m  [1m[32mINSERT INTO "blogs" ("title", "body", "created_at", "updated_at", "slug", "topic_id") VALUES ($1, $2, $3, $4, $5, $6) RETURNING "id"[0m  [["title", "My Blog Post 4"], ["body", "Sed ut perspiciatis unde omnis iste natus error sit voluptatem accusantium doloremque laudantium, totam rem aperiam, eaque ipsa quae ab illo inventore veritatis et quasi architecto beatae vitae dicta sunt explicabo. Nemo enim ipsam voluptatem quia voluptas sit aspernatur aut odit aut fugit, sed quia consequuntur magni dolores eos qui ratione voluptatem sequi nesciunt. Neque porro quisquam est, qui dolorem ipsum quia dolor sit amet, consectetur, adipisci velit, sed quia non numquam eius modi tempora incidunt ut labore et dolore magnam aliquam quaerat voluptatem. Ut enim ad minima veniam, quis nostrum exercitationem ullam corporis suscipit laboriosam, nisi ut aliquid ex ea commodi consequatur? Quis autem vel eum iure reprehenderit qui in ea voluptate velit esse quam nihil molestiae consequatur, vel illum qui dolorem eum fugiat quo voluptas nulla pariatur?"], ["created_at", "2022-01-02 17:58:17.678834"], ["updated_at", "2022-01-02 17:58:17.678834"], ["slug", "my-blog-post-4"], ["topic_id", 3]]
  [1m[36mTRANSACTION (0.3ms)[0m  [1m[35mCOMMIT[0m
  [1m[36mTopic Load (0.1ms)[0m  [1m[34mSELECT "topics".* FROM "topics" ORDER BY "topics"."id" DESC LIMIT $1[0m  [["LIMIT", 1]]
  [1m[36mTRANSACTION (0.1ms)[0m  [1m[35mBEGIN[0m
  [1m[36mBlog Exists? (0.1ms)[0m  [1m[34mSELECT 1 AS one FROM "blogs" WHERE "blogs"."id" IS NOT NULL AND "blogs"."slug" = $1 LIMIT $2[0m  [["slug", "my-blog-post-5"], ["LIMIT", 1]]
  [1m[36mBlog Create (0.2ms)[0m  [1m[32mINSERT INTO "blogs" ("title", "body", "created_at", "updated_at", "slug", "topic_id") VALUES ($1, $2, $3, $4, $5, $6) RETURNING "id"[0m  [["title", "My Blog Post 5"], ["body", "Sed ut perspiciatis unde omnis iste natus error sit voluptatem accusantium doloremque laudantium, totam rem aperiam, eaque ipsa quae ab illo inventore veritatis et quasi architecto beatae vitae dicta sunt explicabo. Nemo enim ipsam voluptatem quia voluptas sit aspernatur aut odit aut fugit, sed quia consequuntur magni dolores eos qui ratione voluptatem sequi nesciunt. Neque porro quisquam est, qui dolorem ipsum quia dolor sit amet, consectetur, adipisci velit, sed quia non numquam eius modi tempora incidunt ut labore et dolore magnam aliquam quaerat voluptatem. Ut enim ad minima veniam, quis nostrum exercitationem ullam corporis suscipit laboriosam, nisi ut aliquid ex ea commodi consequatur? Quis autem vel eum iure reprehenderit qui in ea voluptate velit esse quam nihil molestiae consequatur, vel illum qui dolorem eum fugiat quo voluptas nulla pariatur?"], ["created_at", "2022-01-02 17:58:17.683380"], ["updated_at", "2022-01-02 17:58:17.683380"], ["slug", "my-blog-post-5"], ["topic_id", 3]]
  [1m[36mTRANSACTION (0.3ms)[0m  [1m[35mCOMMIT[0m
  [1m[36mTopic Load (0.1ms)[0m  [1m[34mSELECT "topics".* FROM "topics" ORDER BY "topics"."id" DESC LIMIT $1[0m  [["LIMIT", 1]]
  [1m[36mTRANSACTION (0.1ms)[0m  [1m[35mBEGIN[0m
  [1m[36mBlog Exists? (0.2ms)[0m  [1m[34mSELECT 1 AS one FROM "blogs" WHERE "blogs"."id" IS NOT NULL AND "blogs"."slug" = $1 LIMIT $2[0m  [["slug", "my-blog-post-6"], ["LIMIT", 1]]
  [1m[36mBlog Create (0.3ms)[0m  [1m[32mINSERT INTO "blogs" ("title", "body", "created_at", "updated_at", "slug", "topic_id") VALUES ($1, $2, $3, $4, $5, $6) RETURNING "id"[0m  [["title", "My Blog Post 6"], ["body", "Sed ut perspiciatis unde omnis iste natus error sit voluptatem accusantium doloremque laudantium, totam rem aperiam, eaque ipsa quae ab illo inventore veritatis et quasi architecto beatae vitae dicta sunt explicabo. Nemo enim ipsam voluptatem quia voluptas sit aspernatur aut odit aut fugit, sed quia consequuntur magni dolores eos qui ratione voluptatem sequi nesciunt. Neque porro quisquam est, qui dolorem ipsum quia dolor sit amet, consectetur, adipisci velit, sed quia non numquam eius modi tempora incidunt ut labore et dolore magnam aliquam quaerat voluptatem. Ut enim ad minima veniam, quis nostrum exercitationem ullam corporis suscipit laboriosam, nisi ut aliquid ex ea commodi consequatur? Quis autem vel eum iure reprehenderit qui in ea voluptate velit esse quam nihil molestiae consequatur, vel illum qui dolorem eum fugiat quo voluptas nulla pariatur?"], ["created_at", "2022-01-02 17:58:17.695571"], ["updated_at", "2022-01-02 17:58:17.695571"], ["slug", "my-blog-post-6"], ["topic_id", 3]]
  [1m[36mTRANSACTION (0.4ms)[0m  [1m[35mCOMMIT[0m
  [1m[36mTopic Load (0.2ms)[0m  [1m[34mSELECT "topics".* FROM "topics" ORDER BY "topics"."id" DESC LIMIT $1[0m  [["LIMIT", 1]]
  [1m[36mTRANSACTION (0.1ms)[0m  [1m[35mBEGIN[0m
  [1m[36mBlog Exists? (0.2ms)[0m  [1m[34mSELECT 1 AS one FROM "blogs" WHERE "blogs"."id" IS NOT NULL AND "blogs"."slug" = $1 LIMIT $2[0m  [["slug", "my-blog-post-7"], ["LIMIT", 1]]
  [1m[36mBlog Create (0.2ms)[0m  [1m[32mINSERT INTO "blogs" ("title", "body", "created_at", "updated_at", "slug", "topic_id") VALUES ($1, $2, $3, $4, $5, $6) RETURNING "id"[0m  [["title", "My Blog Post 7"], ["body", "Sed ut perspiciatis unde omnis iste natus error sit voluptatem accusantium doloremque laudantium, totam rem aperiam, eaque ipsa quae ab illo inventore veritatis et quasi architecto beatae vitae dicta sunt explicabo. Nemo enim ipsam voluptatem quia voluptas sit aspernatur aut odit aut fugit, sed quia consequuntur magni dolores eos qui ratione voluptatem sequi nesciunt. Neque porro quisquam est, qui dolorem ipsum quia dolor sit amet, consectetur, adipisci velit, sed quia non numquam eius modi tempora incidunt ut labore et dolore magnam aliquam quaerat voluptatem. Ut enim ad minima veniam, quis nostrum exercitationem ullam corporis suscipit laboriosam, nisi ut aliquid ex ea commodi consequatur? Quis autem vel eum iure reprehenderit qui in ea voluptate velit esse quam nihil molestiae consequatur, vel illum qui dolorem eum fugiat quo voluptas nulla pariatur?"], ["created_at", "2022-01-02 17:58:17.701940"], ["updated_at", "2022-01-02 17:58:17.701940"], ["slug", "my-blog-post-7"], ["topic_id", 3]]
  [1m[36mTRANSACTION (0.3ms)[0m  [1m[35mCOMMIT[0m
  [1m[36mTopic Load (0.1ms)[0m  [1m[34mSELECT "topics".* FROM "topics" ORDER BY "topics"."id" DESC LIMIT $1[0m  [["LIMIT", 1]]
  [1m[36mTRANSACTION (0.1ms)[0m  [1m[35mBEGIN[0m
  [1m[36mBlog Exists? (0.2ms)[0m  [1m[34mSELECT 1 AS one FROM "blogs" WHERE "blogs"."id" IS NOT NULL AND "blogs"."slug" = $1 LIMIT $2[0m  [["slug", "my-blog-post-8"], ["LIMIT", 1]]
  [1m[36mBlog Create (1.1ms)[0m  [1m[32mINSERT INTO "blogs" ("title", "body", "created_at", "updated_at", "slug", "topic_id") VALUES ($1, $2, $3, $4, $5, $6) RETURNING "id"[0m  [["title", "My Blog Post 8"], ["body", "Sed ut perspiciatis unde omnis iste natus error sit voluptatem accusantium doloremque laudantium, totam rem aperiam, eaque ipsa quae ab illo inventore veritatis et quasi architecto beatae vitae dicta sunt explicabo. Nemo enim ipsam voluptatem quia voluptas sit aspernatur aut odit aut fugit, sed quia consequuntur magni dolores eos qui ratione voluptatem sequi nesciunt. Neque porro quisquam est, qui dolorem ipsum quia dolor sit amet, consectetur, adipisci velit, sed quia non numquam eius modi tempora incidunt ut labore et dolore magnam aliquam quaerat voluptatem. Ut enim ad minima veniam, quis nostrum exercitationem ullam corporis suscipit laboriosam, nisi ut aliquid ex ea commodi consequatur? Quis autem vel eum iure reprehenderit qui in ea voluptate velit esse quam nihil molestiae consequatur, vel illum qui dolorem eum fugiat quo voluptas nulla pariatur?"], ["created_at", "2022-01-02 17:58:17.707451"], ["updated_at", "2022-01-02 17:58:17.707451"], ["slug", "my-blog-post-8"], ["topic_id", 3]]
  [1m[36mTRANSACTION (0.3ms)[0m  [1m[35mCOMMIT[0m
  [1m[36mTopic Load (0.2ms)[0m  [1m[34mSELECT "topics".* FROM "topics" ORDER BY "topics"."id" DESC LIMIT $1[0m  [["LIMIT", 1]]
  [1m[36mTRANSACTION (0.1ms)[0m  [1m[35mBEGIN[0m
  [1m[36mBlog Exists? (0.2ms)[0m  [1m[34mSELECT 1 AS one FROM "blogs" WHERE "blogs"."id" IS NOT NULL AND "blogs"."slug" = $1 LIMIT $2[0m  [["slug", "my-blog-post-9"], ["LIMIT", 1]]
  [1m[36mBlog Create (0.2ms)[0m  [1m[32mINSERT INTO "blogs" ("title", "body", "created_at", "updated_at", "slug", "topic_id") VALUES ($1, $2, $3, $4, $5, $6) RETURNING "id"[0m  [["title", "My Blog Post 9"], ["body", "Sed ut perspiciatis unde omnis iste natus error sit voluptatem accusantium doloremque laudantium, totam rem aperiam, eaque ipsa quae ab illo inventore veritatis et quasi architecto beatae vitae dicta sunt explicabo. Nemo enim ipsam voluptatem quia voluptas sit aspernatur aut odit aut fugit, sed quia consequuntur magni dolores eos qui ratione voluptatem sequi nesciunt. Neque porro quisquam est, qui dolorem ipsum quia dolor sit amet, consectetur, adipisci velit, sed quia non numquam eius modi tempora incidunt ut labore et dolore magnam aliquam quaerat voluptatem. Ut enim ad minima veniam, quis nostrum exercitationem ullam corporis suscipit laboriosam, nisi ut aliquid ex ea commodi consequatur? Quis autem vel eum iure reprehenderit qui in ea voluptate velit esse quam nihil molestiae consequatur, vel illum qui dolorem eum fugiat quo voluptas nulla pariatur?"], ["created_at", "2022-01-02 17:58:17.713886"], ["updated_at", "2022-01-02 17:58:17.713886"], ["slug", "my-blog-post-9"], ["topic_id", 3]]
  [1m[36mTRANSACTION (0.3ms)[0m  [1m[35mCOMMIT[0m
  [1m[36mTRANSACTION (0.1ms)[0m  [1m[35mBEGIN[0m
  [1m[36mSkill Create (2.8ms)[0m  [1m[32mINSERT INTO "skills" ("title", "percent_utilized", "created_at", "updated_at", "badge") VALUES ($1, $2, $3, $4, $5) RETURNING "id"[0m  [["title", "Rails 0"], ["percent_utilized", 15], ["created_at", "2022-01-02 17:58:17.732792"], ["updated_at", "2022-01-02 17:58:17.732792"], ["badge", "http://placehold.it/250x250"]]
  [1m[36mTRANSACTION (0.3ms)[0m  [1m[35mCOMMIT[0m
  [1m[36mTRANSACTION (0.1ms)[0m  [1m[35mBEGIN[0m
  [1m[36mSkill Create (0.2ms)[0m  [1m[32mINSERT INTO "skills" ("title", "percent_utilized", "created_at", "updated_at", "badge") VALUES ($1, $2, $3, $4, $5) RETURNING "id"[0m  [["title", "Rails 1"], ["percent_utilized", 15], ["created_at", "2022-01-02 17:58:17.738950"], ["updated_at", "2022-01-02 17:58:17.738950"], ["badge", "http://placehold.it/250x250"]]
  [1m[36mTRANSACTION (0.3ms)[0m  [1m[35mCOMMIT[0m
  [1m[36mTRANSACTION (0.1ms)[0m  [1m[35mBEGIN[0m
  [1m[36mSkill Create (0.2ms)[0m  [1m[32mINSERT INTO "skills" ("title", "percent_utilized", "created_at", "updated_at", "badge") VALUES ($1, $2, $3, $4, $5) RETURNING "id"[0m  [["title", "Rails 2"], ["percent_utilized", 15], ["created_at", "2022-01-02 17:58:17.742023"], ["updated_at", "2022-01-02 17:58:17.742023"], ["badge", "http://placehold.it/250x250"]]
  [1m[36mTRANSACTION (0.3ms)[0m  [1m[35mCOMMIT[0m
  [1m[36mTRANSACTION (0.1ms)[0m  [1m[35mBEGIN[0m
  [1m[36mSkill Create (0.2ms)[0m  [1m[32mINSERT INTO "skills" ("title", "percent_utilized", "created_at", "updated_at", "badge") VALUES ($1, $2, $3, $4, $5) RETURNING "id"[0m  [["title", "Rails 3"], ["percent_utilized", 15], ["created_at", "2022-01-02 17:58:17.744981"], ["updated_at", "2022-01-02 17:58:17.744981"], ["badge", "http://placehold.it/250x250"]]
  [1m[36mTRANSACTION (0.3ms)[0m  [1m[35mCOMMIT[0m
  [1m[36mTRANSACTION (0.1ms)[0m  [1m[35mBEGIN[0m
  [1m[36mSkill Create (0.2ms)[0m  [1m[32mINSERT INTO "skills" ("title", "percent_utilized", "created_at", "updated_at", "badge") VALUES ($1, $2, $3, $4, $5) RETURNING "id"[0m  [["title", "Rails 4"], ["percent_utilized", 15], ["created_at", "2022-01-02 17:58:17.747944"], ["updated_at", "2022-01-02 17:58:17.747944"], ["badge", "http://placehold.it/250x250"]]
  [1m[36mTRANSACTION (0.3ms)[0m  [1m[35mCOMMIT[0m
  [1m[36mTRANSACTION (0.1ms)[0m  [1m[35mBEGIN[0m
  [1m[36mPortfolio Create (2.7ms)[0m  [1m[32mINSERT INTO "portfolios" ("title", "subtitle", "body", "main_image", "thumb_image", "created_at", "updated_at") VALUES ($1, $2, $3, $4, $5, $6, $7) RETURNING "id"[0m  [["title", "Portfolio title: 0"], ["subtitle", "Ruby on Rails"], ["body", "Lorem ipsum dolor sit amet, consectetur adipiscing elit, sed do eiusmod tempor incididunt ut labore et dolore magna aliqua. Ut enim ad minim veniam, quis nostrud exercitation ullamco laboris nisi ut aliquip ex ea commodo consequat. Duis aute irure dolor in reprehenderit in voluptate velit esse cillum dolore eu fugiat nulla pariatur. Excepteur sint occaecat cupidatat non proident, sunt in culpa qui officia deserunt mollit anim id est laborum."], ["main_image", "https://via.placeholder.com/600x400"], ["thumb_image", "https://via.placeholder.com/350x200"], ["created_at", "2022-01-02 17:58:17.765607"], ["updated_at", "2022-01-02 17:58:17.765607"]]
  [1m[36mTRANSACTION (0.3ms)[0m  [1m[35mCOMMIT[0m
  [1m[36mTRANSACTION (0.1ms)[0m  [1m[35mBEGIN[0m
  [1m[36mPortfolio Create (0.2ms)[0m  [1m[32mINSERT INTO "portfolios" ("title", "subtitle", "body", "main_image", "thumb_image", "created_at", "updated_at") VALUES ($1, $2, $3, $4, $5, $6, $7) RETURNING "id"[0m  [["title", "Portfolio title: 1"], ["subtitle", "Ruby on Rails"], ["body", "Lorem ipsum dolor sit amet, consectetur adipiscing elit, sed do eiusmod tempor incididunt ut labore et dolore magna aliqua. Ut enim ad minim veniam, quis nostrud exercitation ullamco laboris nisi ut aliquip ex ea commodo consequat. Duis aute irure dolor in reprehenderit in voluptate velit esse cillum dolore eu fugiat nulla pariatur. Excepteur sint occaecat cupidatat non proident, sunt in culpa qui officia deserunt mollit anim id est laborum."], ["main_image", "https://via.placeholder.com/600x400"], ["thumb_image", "https://via.placeholder.com/350x200"], ["created_at", "2022-01-02 17:58:17.771469"], ["updated_at", "2022-01-02 17:58:17.771469"]]
  [1m[36mTRANSACTION (0.3ms)[0m  [1m[35mCOMMIT[0m
  [1m[36mTRANSACTION (0.1ms)[0m  [1m[35mBEGIN[0m
  [1m[36mPortfolio Create (0.2ms)[0m  [1m[32mINSERT INTO "portfolios" ("title", "subtitle", "body", "main_image", "thumb_image", "created_at", "updated_at") VALUES ($1, $2, $3, $4, $5, $6, $7) RETURNING "id"[0m  [["title", "Portfolio title: 2"], ["subtitle", "Ruby on Rails"], ["body", "Lorem ipsum dolor sit amet, consectetur adipiscing elit, sed do eiusmod tempor incididunt ut labore et dolore magna aliqua. Ut enim ad minim veniam, quis nostrud exercitation ullamco laboris nisi ut aliquip ex ea commodo consequat. Duis aute irure dolor in reprehenderit in voluptate velit esse cillum dolore eu fugiat nulla pariatur. Excepteur sint occaecat cupidatat non proident, sunt in culpa qui officia deserunt mollit anim id est laborum."], ["main_image", "https://via.placeholder.com/600x400"], ["thumb_image", "https://via.placeholder.com/350x200"], ["created_at", "2022-01-02 17:58:17.774559"], ["updated_at", "2022-01-02 17:58:17.774559"]]
  [1m[36mTRANSACTION (0.3ms)[0m  [1m[35mCOMMIT[0m
  [1m[36mTRANSACTION (0.1ms)[0m  [1m[35mBEGIN[0m
  [1m[36mPortfolio Create (0.2ms)[0m  [1m[32mINSERT INTO "portfolios" ("title", "subtitle", "body", "main_image", "thumb_image", "created_at", "updated_at") VALUES ($1, $2, $3, $4, $5, $6, $7) RETURNING "id"[0m  [["title", "Portfolio title: 3"], ["subtitle", "Ruby on Rails"], ["body", "Lorem ipsum dolor sit amet, consectetur adipiscing elit, sed do eiusmod tempor incididunt ut labore et dolore magna aliqua. Ut enim ad minim veniam, quis nostrud exercitation ullamco laboris nisi ut aliquip ex ea commodo consequat. Duis aute irure dolor in reprehenderit in voluptate velit esse cillum dolore eu fugiat nulla pariatur. Excepteur sint occaecat cupidatat non proident, sunt in culpa qui officia deserunt mollit anim id est laborum."], ["main_image", "https://via.placeholder.com/600x400"], ["thumb_image", "https://via.placeholder.com/350x200"], ["created_at", "2022-01-02 17:58:17.777673"], ["updated_at", "2022-01-02 17:58:17.777673"]]
  [1m[36mTRANSACTION (0.5ms)[0m  [1m[35mCOMMIT[0m
  [1m[36mTRANSACTION (0.1ms)[0m  [1m[35mBEGIN[0m
  [1m[36mPortfolio Create (0.2ms)[0m  [1m[32mINSERT INTO "portfolios" ("title", "subtitle", "body", "main_image", "thumb_image", "created_at", "updated_at") VALUES ($1, $2, $3, $4, $5, $6, $7) RETURNING "id"[0m  [["title", "Portfolio title: 4"], ["subtitle", "Ruby on Rails"], ["body", "Lorem ipsum dolor sit amet, consectetur adipiscing elit, sed do eiusmod tempor incididunt ut labore et dolore magna aliqua. Ut enim ad minim veniam, quis nostrud exercitation ullamco laboris nisi ut aliquip ex ea commodo consequat. Duis aute irure dolor in reprehenderit in voluptate velit esse cillum dolore eu fugiat nulla pariatur. Excepteur sint occaecat cupidatat non proident, sunt in culpa qui officia deserunt mollit anim id est laborum."], ["main_image", "https://via.placeholder.com/600x400"], ["thumb_image", "https://via.placeholder.com/350x200"], ["created_at", "2022-01-02 17:58:17.780677"], ["updated_at", "2022-01-02 17:58:17.780677"]]
  [1m[36mTRANSACTION (0.3ms)[0m  [1m[35mCOMMIT[0m
  [1m[36mTRANSACTION (0.1ms)[0m  [1m[35mBEGIN[0m
  [1m[36mPortfolio Create (0.2ms)[0m  [1m[32mINSERT INTO "portfolios" ("title", "subtitle", "body", "main_image", "thumb_image", "created_at", "updated_at") VALUES ($1, $2, $3, $4, $5, $6, $7) RETURNING "id"[0m  [["title", "Portfolio title: 5"], ["subtitle", "Ruby on Rails"], ["body", "Lorem ipsum dolor sit amet, consectetur adipiscing elit, sed do eiusmod tempor incididunt ut labore et dolore magna aliqua. Ut enim ad minim veniam, quis nostrud exercitation ullamco laboris nisi ut aliquip ex ea commodo consequat. Duis aute irure dolor in reprehenderit in voluptate velit esse cillum dolore eu fugiat nulla pariatur. Excepteur sint occaecat cupidatat non proident, sunt in culpa qui officia deserunt mollit anim id est laborum."], ["main_image", "https://via.placeholder.com/600x400"], ["thumb_image", "https://via.placeholder.com/350x200"], ["created_at", "2022-01-02 17:58:17.783762"], ["updated_at", "2022-01-02 17:58:17.783762"]]
  [1m[36mTRANSACTION (0.3ms)[0m  [1m[35mCOMMIT[0m
  [1m[36mTRANSACTION (0.1ms)[0m  [1m[35mBEGIN[0m
  [1m[36mPortfolio Create (0.2ms)[0m  [1m[32mINSERT INTO "portfolios" ("title", "subtitle", "body", "main_image", "thumb_image", "created_at", "updated_at") VALUES ($1, $2, $3, $4, $5, $6, $7) RETURNING "id"[0m  [["title", "Portfolio title: 6"], ["subtitle", "Ruby on Rails"], ["body", "Lorem ipsum dolor sit amet, consectetur adipiscing elit, sed do eiusmod tempor incididunt ut labore et dolore magna aliqua. Ut enim ad minim veniam, quis nostrud exercitation ullamco laboris nisi ut aliquip ex ea commodo consequat. Duis aute irure dolor in reprehenderit in voluptate velit esse cillum dolore eu fugiat nulla pariatur. Excepteur sint occaecat cupidatat non proident, sunt in culpa qui officia deserunt mollit anim id est laborum."], ["main_image", "https://via.placeholder.com/600x400"], ["thumb_image", "https://via.placeholder.com/350x200"], ["created_at", "2022-01-02 17:58:17.786738"], ["updated_at", "2022-01-02 17:58:17.786738"]]
  [1m[36mTRANSACTION (0.3ms)[0m  [1m[35mCOMMIT[0m
  [1m[36mTRANSACTION (0.1ms)[0m  [1m[35mBEGIN[0m
  [1m[36mPortfolio Create (0.2ms)[0m  [1m[32mINSERT INTO "portfolios" ("title", "subtitle", "body", "main_image", "thumb_image", "created_at", "updated_at") VALUES ($1, $2, $3, $4, $5, $6, $7) RETURNING "id"[0m  [["title", "Portfolio title: 7"], ["subtitle", "Ruby on Rails"], ["body", "Lorem ipsum dolor sit amet, consectetur adipiscing elit, sed do eiusmod tempor incididunt ut labore et dolore magna aliqua. Ut enim ad minim veniam, quis nostrud exercitation ullamco laboris nisi ut aliquip ex ea commodo consequat. Duis aute irure dolor in reprehenderit in voluptate velit esse cillum dolore eu fugiat nulla pariatur. Excepteur sint occaecat cupidatat non proident, sunt in culpa qui officia deserunt mollit anim id est laborum."], ["main_image", "https://via.placeholder.com/600x400"], ["thumb_image", "https://via.placeholder.com/350x200"], ["created_at", "2022-01-02 17:58:17.789590"], ["updated_at", "2022-01-02 17:58:17.789590"]]
  [1m[36mTRANSACTION (0.3ms)[0m  [1m[35mCOMMIT[0m
  [1m[36mTRANSACTION (0.1ms)[0m  [1m[35mBEGIN[0m
  [1m[36mPortfolio Create (0.2ms)[0m  [1m[32mINSERT INTO "portfolios" ("title", "subtitle", "body", "main_image", "thumb_image", "created_at", "updated_at") VALUES ($1, $2, $3, $4, $5, $6, $7) RETURNING "id"[0m  [["title", "Portfolio title: 0"], ["subtitle", "Angular"], ["body", "Lorem ipsum dolor sit amet, consectetur adipiscing elit, sed do eiusmod tempor incididunt ut labore et dolore magna aliqua. Ut enim ad minim veniam, quis nostrud exercitation ullamco laboris nisi ut aliquip ex ea commodo consequat. Duis aute irure dolor in reprehenderit in voluptate velit esse cillum dolore eu fugiat nulla pariatur. Excepteur sint occaecat cupidatat non proident, sunt in culpa qui officia deserunt mollit anim id est laborum."], ["main_image", "https://via.placeholder.com/600x400"], ["thumb_image", "https://via.placeholder.com/350x200"], ["created_at", "2022-01-02 17:58:17.792528"], ["updated_at", "2022-01-02 17:58:17.792528"]]
  [1m[36mTRANSACTION (0.3ms)[0m  [1m[35mCOMMIT[0m
  [1m[36mPortfolio Load (0.2ms)[0m  [1m[34mSELECT "portfolios".* FROM "portfolios" ORDER BY "portfolios"."id" DESC LIMIT $1[0m  [["LIMIT", 1]]
  [1m[36mTRANSACTION (0.1ms)[0m  [1m[35mBEGIN[0m
  [1m[36mTechnology Create (4.8ms)[0m  [1m[32mINSERT INTO "technologies" ("name", "portfolio_id", "created_at", "updated_at") VALUES ($1, $2, $3, $4) RETURNING "id"[0m  [["name", "Technology 0"], ["portfolio_id", 9], ["created_at", "2022-01-02 17:58:17.855824"], ["updated_at", "2022-01-02 17:58:17.855824"]]
  [1m[36mTRANSACTION (0.3ms)[0m  [1m[35mCOMMIT[0m
  [1m[36mPortfolio Load (0.2ms)[0m  [1m[34mSELECT "portfolios".* FROM "portfolios" ORDER BY "portfolios"."id" DESC LIMIT $1[0m  [["LIMIT", 1]]
  [1m[36mTRANSACTION (0.1ms)[0m  [1m[35mBEGIN[0m
  [1m[36mTechnology Create (0.2ms)[0m  [1m[32mINSERT INTO "technologies" ("name", "portfolio_id", "created_at", "updated_at") VALUES ($1, $2, $3, $4) RETURNING "id"[0m  [["name", "Technology 1"], ["portfolio_id", 9], ["created_at", "2022-01-02 17:58:17.865499"], ["updated_at", "2022-01-02 17:58:17.865499"]]
  [1m[36mTRANSACTION (0.2ms)[0m  [1m[35mCOMMIT[0m
  [1m[36mPortfolio Load (0.1ms)[0m  [1m[34mSELECT "portfolios".* FROM "portfolios" ORDER BY "portfolios"."id" DESC LIMIT $1[0m  [["LIMIT", 1]]
  [1m[36mTRANSACTION (0.1ms)[0m  [1m[35mBEGIN[0m
  [1m[36mTechnology Create (0.2ms)[0m  [1m[32mINSERT INTO "technologies" ("name", "portfolio_id", "created_at", "updated_at") VALUES ($1, $2, $3, $4) RETURNING "id"[0m  [["name", "Technology 2"], ["portfolio_id", 9], ["created_at", "2022-01-02 17:58:17.869591"], ["updated_at", "2022-01-02 17:58:17.869591"]]
  [1m[36mTRANSACTION (0.3ms)[0m  [1m[35mCOMMIT[0m
Started GET "/" for ::1 at 2022-01-02 09:58:34 -0800
  [1m[35m (1.8ms)[0m  [1m[34mSELECT "schema_migrations"."version" FROM "schema_migrations" ORDER BY "schema_migrations"."version" ASC[0m
Processing by PagesController#home as HTML
  Rendering layout layouts/application.html.erb
  Rendering pages/home.html.erb within layouts/application
  [1m[36mBlog Load (8.0ms)[0m  [1m[34mSELECT "blogs".* FROM "blogs" /* loading for inspect */ LIMIT $1[0m  [["LIMIT", 11]]
  ↳ app/views/pages/home.html.erb:5
  [1m[36mSkill Load (3.4ms)[0m  [1m[34mSELECT "skills".* FROM "skills" /* loading for inspect */ LIMIT $1[0m  [["LIMIT", 11]]
  ↳ app/views/pages/home.html.erb:8
  Rendered pages/home.html.erb within layouts/application (Duration: 65.0ms | Allocations: 21322)
[Webpacker] Compiling...
[Webpacker] Compilation failed:
yarn run v1.22.17
info Visit https://yarnpkg.com/en/docs/cli/run for documentation about this command.


error Command "webpack" not found.

  Rendered layout layouts/application.html.erb (Duration: 14628.9ms | Allocations: 192088)
Completed 500 Internal Server Error in 14725ms (ActiveRecord: 25.5ms | Allocations: 201121)


  
ActionView::Template::Error (Webpacker can't find application.js in /Users/jgroomer/dev/dissecting_rails/DevcampPortfolio/public/packs/manifest.json. Possible causes:
1. You want to set webpacker.yml value of compile to true for your environment
   unless you are using the `webpack -w` or the webpack-dev-server.
2. webpack has not yet re-run to reflect updates.
3. You have misconfigured Webpacker's config/webpacker.yml file.
4. Your webpack configuration is not creating a manifest.
Your manifest contains:
{
}
):
     9:     <meta name="keywords" content="<%= @seo_keywords %>" />
    10: 
    11:     <%= stylesheet_link_tag 'application', media: 'all', 'data-turbolinks-track': 'reload' %>
    12:     <%= javascript_pack_tag 'application', 'data-turbolinks-track': 'reload' %>
    13:   </head>
    14: 
    15:   <body>
  
app/views/layouts/application.html.erb:12
Started GET "/" for ::1 at 2022-01-02 10:05:16 -0800
  [1m[35m (4.2ms)[0m  [1m[34mSELECT "schema_migrations"."version" FROM "schema_migrations" ORDER BY "schema_migrations"."version" ASC[0m
Processing by PagesController#home as HTML
  Rendering layout layouts/application.html.erb
  Rendering pages/home.html.erb within layouts/application
  [1m[36mBlog Load (8.3ms)[0m  [1m[34mSELECT "blogs".* FROM "blogs" /* loading for inspect */ LIMIT $1[0m  [["LIMIT", 11]]
  ↳ app/views/pages/home.html.erb:5
  [1m[36mSkill Load (5.3ms)[0m  [1m[34mSELECT "skills".* FROM "skills" /* loading for inspect */ LIMIT $1[0m  [["LIMIT", 11]]
  ↳ app/views/pages/home.html.erb:8
  Rendered pages/home.html.erb within layouts/application (Duration: 103.0ms | Allocations: 21211)
[Webpacker] Compiling...
[Webpacker] Compiled all packs in /Users/jgroomer/dev/dissecting_rails/DevcampPortfolio/public/packs
[Webpacker] Though the "loose" option was set to "false" in your @babel/preset-env config, it will not be used for @babel/plugin-proposal-private-methods since the "loose" mode option was set to "true" for @babel/plugin-proposal-class-properties.
The "loose" option must be the same for @babel/plugin-proposal-class-properties, @babel/plugin-proposal-private-methods and @babel/plugin-proposal-private-property-in-object (when they are enabled): you can silence this warning by explicitly adding
	["@babel/plugin-proposal-private-methods", { "loose": true }]
to the "plugins" section of your Babel config.
Though the "loose" option was set to "false" in your @babel/preset-env config, it will not be used for @babel/plugin-proposal-private-methods since the "loose" mode option was set to "true" for @babel/plugin-proposal-class-properties.
The "loose" option must be the same for @babel/plugin-proposal-class-properties, @babel/plugin-proposal-private-methods and @babel/plugin-proposal-private-property-in-object (when they are enabled): you can silence this warning by explicitly adding
	["@babel/plugin-proposal-private-methods", { "loose": true }]
to the "plugins" section of your Babel config.
Though the "loose" option was set to "false" in your @babel/preset-env config, it will not be used for @babel/plugin-proposal-private-methods since the "loose" mode option was set to "true" for @babel/plugin-proposal-class-properties.
The "loose" option must be the same for @babel/plugin-proposal-class-properties, @babel/plugin-proposal-private-methods and @babel/plugin-proposal-private-property-in-object (when they are enabled): you can silence this warning by explicitly adding
	["@babel/plugin-proposal-private-methods", { "loose": true }]
to the "plugins" section of your Babel config.
Though the "loose" option was set to "false" in your @babel/preset-env config, it will not be used for @babel/plugin-proposal-private-methods since the "loose" mode option was set to "true" for @babel/plugin-proposal-class-properties.
The "loose" option must be the same for @babel/plugin-proposal-class-properties, @babel/plugin-proposal-private-methods and @babel/plugin-proposal-private-property-in-object (when they are enabled): you can silence this warning by explicitly adding
	["@babel/plugin-proposal-private-methods", { "loose": true }]
to the "plugins" section of your Babel config.
Though the "loose" option was set to "false" in your @babel/preset-env config, it will not be used for @babel/plugin-proposal-private-methods since the "loose" mode option was set to "true" for @babel/plugin-proposal-class-properties.
The "loose" option must be the same for @babel/plugin-proposal-class-properties, @babel/plugin-proposal-private-methods and @babel/plugin-proposal-private-property-in-object (when they are enabled): you can silence this warning by explicitly adding
	["@babel/plugin-proposal-private-methods", { "loose": true }]
to the "plugins" section of your Babel config.
Though the "loose" option was set to "false" in your @babel/preset-env config, it will not be used for @babel/plugin-proposal-private-methods since the "loose" mode option was set to "true" for @babel/plugin-proposal-class-properties.
The "loose" option must be the same for @babel/plugin-proposal-class-properties, @babel/plugin-proposal-private-methods and @babel/plugin-proposal-private-property-in-object (when they are enabled): you can silence this warning by explicitly adding
	["@babel/plugin-proposal-private-methods", { "loose": true }]
to the "plugins" section of your Babel config.

[Webpacker] Hash: b7b4d5c4001d7d24da17
Version: webpack 4.46.0
Time: 3214ms
Built at: 01/02/2022 10:05:25 AM
                                     Asset       Size       Chunks                         Chunk Names
    js/application-8facd66a0900fb8c24b1.js    125 KiB  application  [emitted] [immutable]  application
js/application-8facd66a0900fb8c24b1.js.map    139 KiB  application  [emitted] [dev]        application
                             manifest.json  364 bytes               [emitted]              
Entrypoint application = js/application-8facd66a0900fb8c24b1.js js/application-8facd66a0900fb8c24b1.js.map
[./app/javascript/channels sync recursive _channel\.js$] ./app/javascript/channels sync _channel\.js$ 160 bytes {application} [built]
[./app/javascript/channels/index.js] 211 bytes {application} [built]
[./app/javascript/packs/application.js] 563 bytes {application} [built]
[./node_modules/webpack/buildin/module.js] (webpack)/buildin/module.js 552 bytes {application} [built]
    + 3 hidden modules

  Rendered shared/_nav.html.erb (Duration: 2.2ms | Allocations: 395)
  Rendered layout layouts/application.html.erb (Duration: 8989.6ms | Allocations: 40569)
Completed 200 OK in 9067ms (Views: 8937.0ms | ActiveRecord: 64.9ms | Allocations: 48244)


  [1m[35m (0.1ms)[0m  [1m[34mSELECT pg_try_advisory_lock(5396089536776303610)[0m
  [1m[35m (1.2ms)[0m  [1m[34mSELECT "schema_migrations"."version" FROM "schema_migrations" ORDER BY "schema_migrations"."version" ASC[0m
  [1m[36mActiveRecord::InternalMetadata Load (7.3ms)[0m  [1m[34mSELECT "ar_internal_metadata".* FROM "ar_internal_metadata" WHERE "ar_internal_metadata"."key" = $1 LIMIT $2[0m  [["key", "environment"], ["LIMIT", 1]]
  [1m[35m (0.2ms)[0m  [1m[34mSELECT pg_advisory_unlock(5396089536776303610)[0m
  [1m[35m (1.3ms)[0m  [1m[34mSELECT "schema_migrations"."version" FROM "schema_migrations" ORDER BY "schema_migrations"."version" ASC[0m
Started GET "/" for ::1 at 2022-01-02 10:15:56 -0800
  [1m[35m (1.8ms)[0m  [1m[34mSELECT "schema_migrations"."version" FROM "schema_migrations" ORDER BY "schema_migrations"."version" ASC[0m
Processing by PagesController#home as HTML
  Rendering layout layouts/application.html.erb
  Rendering pages/home.html.erb within layouts/application
  Rendered pages/home.html.erb within layouts/application (Duration: 4.9ms | Allocations: 542)
[Webpacker] Everything's up-to-date. Nothing to do
  Rendered shared/_application_nav.html.erb (Duration: 34.4ms | Allocations: 10808)
  Rendered shared/_application_footer.html.erb (Duration: 3.9ms | Allocations: 163)
  Rendered layout layouts/application.html.erb (Duration: 13611.7ms | Allocations: 226658)
Completed 200 OK in 13676ms (Views: 13615.0ms | ActiveRecord: 7.6ms | Allocations: 234612)


Started GET "/portfolios" for ::1 at 2022-01-02 10:20:24 -0800
Processing by PortfoliosController#index as HTML
  Rendering layout layouts/portfolio.html.erb
  Rendering portfolios/index.html.erb within layouts/portfolio
  [1m[36mPortfolio Load (11.7ms)[0m  [1m[34mSELECT "portfolios".* FROM "portfolios"[0m
  ↳ app/views/portfolios/index.html.erb:5
  Rendered collection of portfolios/_portfolio_item.html.erb [9 times] (Duration: 2.4ms | Allocations: 668)
  Rendered portfolios/index.html.erb within layouts/portfolio (Duration: 40.6ms | Allocations: 7542)
[Webpacker] Everything's up-to-date. Nothing to do
  Rendered shared/_portfolio_nav.html.erb (Duration: 1.3ms | Allocations: 525)
  Rendered shared/_portfolio_masthead.html.erb (Duration: 0.9ms | Allocations: 217)
  Rendered shared/_nav.html.erb (Duration: 1.0ms | Allocations: 289)
  Rendered shared/_portfolio_footer.html.erb (Duration: 0.7ms | Allocations: 145)
  Rendered layout layouts/portfolio.html.erb (Duration: 2033.1ms | Allocations: 47394)
Completed 200 OK in 2052ms (Views: 2019.6ms | ActiveRecord: 15.1ms | Allocations: 50620)


Started GET "/portfolios" for ::1 at 2022-01-02 10:20:26 -0800
Processing by PortfoliosController#index as HTML
  Rendering layout layouts/portfolio.html.erb
  Rendering portfolios/index.html.erb within layouts/portfolio
  [1m[36mPortfolio Load (0.9ms)[0m  [1m[34mSELECT "portfolios".* FROM "portfolios"[0m
  ↳ app/views/portfolios/index.html.erb:5
  Rendered collection of portfolios/_portfolio_item.html.erb [9 times] (Duration: 0.9ms | Allocations: 412)
  Rendered portfolios/index.html.erb within layouts/portfolio (Duration: 3.9ms | Allocations: 1654)
[Webpacker] Everything's up-to-date. Nothing to do
  Rendered shared/_portfolio_nav.html.erb (Duration: 0.5ms | Allocations: 270)
  Rendered shared/_portfolio_masthead.html.erb (Duration: 0.1ms | Allocations: 85)
  Rendered shared/_nav.html.erb (Duration: 0.1ms | Allocations: 127)
  Rendered shared/_portfolio_footer.html.erb (Duration: 0.1ms | Allocations: 47)
  Rendered layout layouts/portfolio.html.erb (Duration: 29.0ms | Allocations: 9259)
Completed 200 OK in 31ms (Views: 28.6ms | ActiveRecord: 0.9ms | Allocations: 10194)


Started GET "/portfolio/1" for ::1 at 2022-01-02 10:20:30 -0800
Processing by PortfoliosController#show as HTML
  Parameters: {"id"=>"1"}
  [1m[36mPortfolio Load (1.6ms)[0m  [1m[34mSELECT "portfolios".* FROM "portfolios" WHERE "portfolios"."id" = $1 LIMIT $2[0m  [["id", 1], ["LIMIT", 1]]
  ↳ app/controllers/portfolios_controller.rb:70:in `set_portfolio_item'
  Rendering layout layouts/portfolio.html.erb
  Rendering portfolios/show.html.erb within layouts/portfolio
  [1m[36mTechnology Load (15.5ms)[0m  [1m[34mSELECT "technologies".* FROM "technologies" WHERE "technologies"."portfolio_id" = $1[0m  [["portfolio_id", 1]]
  ↳ app/views/portfolios/show.html.erb:19
  Rendered portfolios/show.html.erb within layouts/portfolio (Duration: 65.3ms | Allocations: 5468)
[Webpacker] Everything's up-to-date. Nothing to do
  Rendered shared/_portfolio_nav.html.erb (Duration: 0.6ms | Allocations: 311)
  Rendered shared/_portfolio_masthead.html.erb (Duration: 0.1ms | Allocations: 85)
  Rendered shared/_nav.html.erb (Duration: 0.2ms | Allocations: 131)
  Rendered shared/_portfolio_footer.html.erb (Duration: 0.1ms | Allocations: 50)
  Rendered layout layouts/portfolio.html.erb (Duration: 87.9ms | Allocations: 13292)
Completed 200 OK in 102ms (Views: 70.3ms | ActiveRecord: 20.5ms | Allocations: 16941)


Started GET "/portfolio/1" for ::1 at 2022-01-02 10:20:53 -0800
Processing by PortfoliosController#show as HTML
  Parameters: {"id"=>"1"}
  [1m[36mPortfolio Load (0.6ms)[0m  [1m[34mSELECT "portfolios".* FROM "portfolios" WHERE "portfolios"."id" = $1 LIMIT $2[0m  [["id", 1], ["LIMIT", 1]]
  ↳ app/controllers/portfolios_controller.rb:70:in `set_portfolio_item'
  Rendering layout layouts/portfolio.html.erb
  Rendering portfolios/show.html.erb within layouts/portfolio
  [1m[36mTechnology Load (0.8ms)[0m  [1m[34mSELECT "technologies".* FROM "technologies" WHERE "technologies"."portfolio_id" = $1[0m  [["portfolio_id", 1]]
  ↳ app/views/portfolios/show.html.erb:19
  Rendered portfolios/show.html.erb within layouts/portfolio (Duration: 2.1ms | Allocations: 849)
[Webpacker] Everything's up-to-date. Nothing to do
  Rendered shared/_portfolio_nav.html.erb (Duration: 0.5ms | Allocations: 284)
  Rendered shared/_portfolio_masthead.html.erb (Duration: 0.1ms | Allocations: 85)
  Rendered shared/_nav.html.erb (Duration: 0.1ms | Allocations: 127)
  Rendered shared/_portfolio_footer.html.erb (Duration: 0.1ms | Allocations: 47)
  Rendered layout layouts/portfolio.html.erb (Duration: 33.1ms | Allocations: 9323)
Completed 200 OK in 37ms (Views: 32.7ms | ActiveRecord: 1.5ms | Allocations: 10989)


Started GET "/portfolio/1" for ::1 at 2022-01-02 10:21:19 -0800
Processing by PortfoliosController#show as HTML
  Parameters: {"id"=>"1"}
  [1m[36mPortfolio Load (0.6ms)[0m  [1m[34mSELECT "portfolios".* FROM "portfolios" WHERE "portfolios"."id" = $1 LIMIT $2[0m  [["id", 1], ["LIMIT", 1]]
  ↳ app/controllers/portfolios_controller.rb:70:in `set_portfolio_item'
  Rendering layout layouts/portfolio.html.erb
  Rendering portfolios/show.html.erb within layouts/portfolio
  [1m[36mTechnology Load (1.2ms)[0m  [1m[34mSELECT "technologies".* FROM "technologies" WHERE "technologies"."portfolio_id" = $1[0m  [["portfolio_id", 1]]
  ↳ app/views/portfolios/show.html.erb:19
  Rendered portfolios/show.html.erb within layouts/portfolio (Duration: 6.7ms | Allocations: 1339)
[Webpacker] Everything's up-to-date. Nothing to do
  Rendered shared/_portfolio_nav.html.erb (Duration: 2.0ms | Allocations: 515)
  Rendered shared/_portfolio_masthead.html.erb (Duration: 1.7ms | Allocations: 207)
  Rendered shared/_nav.html.erb (Duration: 1.8ms | Allocations: 284)
  Rendered shared/_portfolio_footer.html.erb (Duration: 1.0ms | Allocations: 142)
  Rendered layout layouts/portfolio.html.erb (Duration: 42.4ms | Allocations: 10617)
Completed 200 OK in 48ms (Views: 42.8ms | ActiveRecord: 1.9ms | Allocations: 12815)


Started GET "/portfolios" for ::1 at 2022-01-02 10:21:22 -0800
Processing by PortfoliosController#index as HTML
  Rendering layout layouts/portfolio.html.erb
  Rendering portfolios/index.html.erb within layouts/portfolio
  [1m[36mPortfolio Load (0.8ms)[0m  [1m[34mSELECT "portfolios".* FROM "portfolios"[0m
  ↳ app/views/portfolios/index.html.erb:5
  Rendered collection of portfolios/_portfolio_item.html.erb [9 times] (Duration: 5.7ms | Allocations: 550)
  Rendered portfolios/index.html.erb within layouts/portfolio (Duration: 11.0ms | Allocations: 2059)
[Webpacker] Everything's up-to-date. Nothing to do
  Rendered shared/_portfolio_nav.html.erb (Duration: 1.1ms | Allocations: 270)
  Rendered shared/_portfolio_masthead.html.erb (Duration: 0.2ms | Allocations: 85)
  Rendered shared/_nav.html.erb (Duration: 0.2ms | Allocations: 127)
  Rendered shared/_portfolio_footer.html.erb (Duration: 0.1ms | Allocations: 47)
  Rendered layout layouts/portfolio.html.erb (Duration: 42.0ms | Allocations: 10478)
Completed 200 OK in 44ms (Views: 41.7ms | ActiveRecord: 0.8ms | Allocations: 11544)


Started GET "/portfolio/4" for ::1 at 2022-01-02 10:22:30 -0800
Processing by PortfoliosController#show as HTML
  Parameters: {"id"=>"4"}
  [1m[36mPortfolio Load (1.2ms)[0m  [1m[34mSELECT "portfolios".* FROM "portfolios" WHERE "portfolios"."id" = $1 LIMIT $2[0m  [["id", 4], ["LIMIT", 1]]
  ↳ app/controllers/portfolios_controller.rb:70:in `set_portfolio_item'
  Rendering layout layouts/portfolio.html.erb
  Rendering portfolios/show.html.erb within layouts/portfolio
  [1m[36mTechnology Load (1.1ms)[0m  [1m[34mSELECT "technologies".* FROM "technologies" WHERE "technologies"."portfolio_id" = $1[0m  [["portfolio_id", 4]]
  ↳ app/views/portfolios/show.html.erb:19
  Rendered portfolios/show.html.erb within layouts/portfolio (Duration: 28.8ms | Allocations: 2136)
[Webpacker] Everything's up-to-date. Nothing to do
  Rendered shared/_portfolio_nav.html.erb (Duration: 1.3ms | Allocations: 548)
  Rendered shared/_portfolio_masthead.html.erb (Duration: 0.7ms | Allocations: 207)
  Rendered shared/_nav.html.erb (Duration: 1.0ms | Allocations: 285)
  Rendered shared/_portfolio_footer.html.erb (Duration: 1.5ms | Allocations: 180)
  Rendered layout layouts/portfolio.html.erb (Duration: 59.9ms | Allocations: 11703)
Completed 200 OK in 70ms (Views: 61.6ms | ActiveRecord: 2.3ms | Allocations: 13883)


Started GET "/portfolio/4" for ::1 at 2022-01-02 10:22:58 -0800
Processing by PortfoliosController#show as HTML
  Parameters: {"id"=>"4"}
  [1m[36mPortfolio Load (0.6ms)[0m  [1m[34mSELECT "portfolios".* FROM "portfolios" WHERE "portfolios"."id" = $1 LIMIT $2[0m  [["id", 4], ["LIMIT", 1]]
  ↳ app/controllers/portfolios_controller.rb:70:in `set_portfolio_item'
  Rendering layout layouts/portfolio.html.erb
  Rendering portfolios/show.html.erb within layouts/portfolio
  [1m[36mTechnology Load (0.9ms)[0m  [1m[34mSELECT "technologies".* FROM "technologies" WHERE "technologies"."portfolio_id" = $1[0m  [["portfolio_id", 4]]
  ↳ app/views/portfolios/show.html.erb:19
  Rendered portfolios/show.html.erb within layouts/portfolio (Duration: 4.0ms | Allocations: 1255)
[Webpacker] Everything's up-to-date. Nothing to do
  Rendered shared/_portfolio_nav.html.erb (Duration: 1.6ms | Allocations: 555)
  Rendered shared/_portfolio_masthead.html.erb (Duration: 0.8ms | Allocations: 207)
  Rendered shared/_nav.html.erb (Duration: 0.9ms | Allocations: 285)
  Rendered shared/_portfolio_footer.html.erb (Duration: 1.8ms | Allocations: 179)
  Rendered layout layouts/portfolio.html.erb (Duration: 32.6ms | Allocations: 10703)
Completed 200 OK in 38ms (Views: 33.3ms | ActiveRecord: 1.5ms | Allocations: 12958)


